<?xml version="1.0" encoding="UTF-8"?>
<testsuite xmlns:xsi="http://www.w3.org/2001/XMLSchema-instance" xsi:noNamespaceSchemaLocation="https://maven.apache.org/surefire/maven-surefire-plugin/xsd/surefire-test-report-3.0.xsd" version="3.0" name="org.but.feec.bds.AppTest" time="0.076" tests="1" errors="0" skipped="0" failures="0">
  <properties>
    <property name="java.specification.version" value="23"/>
    <property name="sun.cpu.isalist" value="amd64"/>
    <property name="sun.jnu.encoding" value="Cp1252"/>
    <property name="java.class.path" value="C:\Users\Benedek\IdeaProjects\BDS_project_3\target\test-classes;C:\Users\Benedek\IdeaProjects\BDS_project_3\target\classes;C:\Users\Benedek\.m2\repository\junit\junit\3.8.1\junit-3.8.1.jar;C:\Users\Benedek\.m2\repository\org\controlsfx\controlsfx\11.2.1\controlsfx-11.2.1.jar;C:\Users\Benedek\.m2\repository\de\jensd\fontawesomefx\8.9\fontawesomefx-8.9.jar;C:\Users\Benedek\.m2\repository\org\openjfx\javafx-fxml\21\javafx-fxml-21.jar;C:\Users\Benedek\.m2\repository\org\openjfx\javafx-fxml\21\javafx-fxml-21-win.jar;C:\Users\Benedek\.m2\repository\org\openjfx\javafx-controls\21\javafx-controls-21.jar;C:\Users\Benedek\.m2\repository\org\openjfx\javafx-controls\21\javafx-controls-21-win.jar;C:\Users\Benedek\.m2\repository\org\openjfx\javafx-graphics\21\javafx-graphics-21.jar;C:\Users\Benedek\.m2\repository\org\openjfx\javafx-base\21\javafx-base-21.jar;C:\Users\Benedek\.m2\repository\org\openjfx\javafx-base\21\javafx-base-21-win.jar;C:\Users\Benedek\.m2\repository\org\openjfx\javafx-graphics\21\javafx-graphics-21-win.jar;C:\Users\Benedek\.m2\repository\org\openjfx\javafx-graphics\21\javafx-graphics-21-linux.jar;C:\Users\Benedek\.m2\repository\org\postgresql\postgresql\42.7.4\postgresql-42.7.4.jar;C:\Users\Benedek\.m2\repository\org\checkerframework\checker-qual\3.42.0\checker-qual-3.42.0.jar;C:\Users\Benedek\.m2\repository\com\zaxxer\HikariCP\6.0.0\HikariCP-6.0.0.jar;C:\Users\Benedek\.m2\repository\de\mkammerer\argon2-jvm\2.11\argon2-jvm-2.11.jar;C:\Users\Benedek\.m2\repository\de\mkammerer\argon2-jvm-nolibs\2.11\argon2-jvm-nolibs-2.11.jar;C:\Users\Benedek\.m2\repository\net\java\dev\jna\jna\5.8.0\jna-5.8.0.jar;C:\Users\Benedek\.m2\repository\org\slf4j\slf4j-api\2.0.16\slf4j-api-2.0.16.jar;C:\Users\Benedek\.m2\repository\ch\qos\logback\logback-classic\1.5.12\logback-classic-1.5.12.jar;C:\Users\Benedek\.m2\repository\ch\qos\logback\logback-core\1.5.12\logback-core-1.5.12.jar;"/>
    <property name="java.vm.vendor" value="Oracle Corporation"/>
    <property name="sun.arch.data.model" value="64"/>
    <property name="user.variant" value=""/>
    <property name="java.vendor.url" value="https://java.oracle.com/"/>
    <property name="user.timezone" value="Europe/Bratislava"/>
    <property name="os.name" value="Windows 11"/>
    <property name="java.vm.specification.version" value="23"/>
    <property name="sun.java.launcher" value="SUN_STANDARD"/>
    <property name="user.country" value="US"/>
    <property name="sun.boot.library.path" value="C:\Users\Benedek\.jdks\openjdk-23.0.1\bin"/>
    <property name="sun.java.command" value="C:\Users\Benedek\AppData\Local\Temp\surefire6150595224123347712\surefirebooter-20241218213705139_3.jar C:\Users\Benedek\AppData\Local\Temp\surefire6150595224123347712 2024-12-18T21-37-04_940-jvmRun1 surefire-20241218213705139_1tmp surefire_0-20241218213705139_2tmp"/>
    <property name="jdk.debug" value="release"/>
    <property name="surefire.test.class.path" value="C:\Users\Benedek\IdeaProjects\BDS_project_3\target\test-classes;C:\Users\Benedek\IdeaProjects\BDS_project_3\target\classes;C:\Users\Benedek\.m2\repository\junit\junit\3.8.1\junit-3.8.1.jar;C:\Users\Benedek\.m2\repository\org\controlsfx\controlsfx\11.2.1\controlsfx-11.2.1.jar;C:\Users\Benedek\.m2\repository\de\jensd\fontawesomefx\8.9\fontawesomefx-8.9.jar;C:\Users\Benedek\.m2\repository\org\openjfx\javafx-fxml\21\javafx-fxml-21.jar;C:\Users\Benedek\.m2\repository\org\openjfx\javafx-fxml\21\javafx-fxml-21-win.jar;C:\Users\Benedek\.m2\repository\org\openjfx\javafx-controls\21\javafx-controls-21.jar;C:\Users\Benedek\.m2\repository\org\openjfx\javafx-controls\21\javafx-controls-21-win.jar;C:\Users\Benedek\.m2\repository\org\openjfx\javafx-graphics\21\javafx-graphics-21.jar;C:\Users\Benedek\.m2\repository\org\openjfx\javafx-base\21\javafx-base-21.jar;C:\Users\Benedek\.m2\repository\org\openjfx\javafx-base\21\javafx-base-21-win.jar;C:\Users\Benedek\.m2\repository\org\openjfx\javafx-graphics\21\javafx-graphics-21-win.jar;C:\Users\Benedek\.m2\repository\org\openjfx\javafx-graphics\21\javafx-graphics-21-linux.jar;C:\Users\Benedek\.m2\repository\org\postgresql\postgresql\42.7.4\postgresql-42.7.4.jar;C:\Users\Benedek\.m2\repository\org\checkerframework\checker-qual\3.42.0\checker-qual-3.42.0.jar;C:\Users\Benedek\.m2\repository\com\zaxxer\HikariCP\6.0.0\HikariCP-6.0.0.jar;C:\Users\Benedek\.m2\repository\de\mkammerer\argon2-jvm\2.11\argon2-jvm-2.11.jar;C:\Users\Benedek\.m2\repository\de\mkammerer\argon2-jvm-nolibs\2.11\argon2-jvm-nolibs-2.11.jar;C:\Users\Benedek\.m2\repository\net\java\dev\jna\jna\5.8.0\jna-5.8.0.jar;C:\Users\Benedek\.m2\repository\org\slf4j\slf4j-api\2.0.16\slf4j-api-2.0.16.jar;C:\Users\Benedek\.m2\repository\ch\qos\logback\logback-classic\1.5.12\logback-classic-1.5.12.jar;C:\Users\Benedek\.m2\repository\ch\qos\logback\logback-core\1.5.12\logback-core-1.5.12.jar;"/>
    <property name="sun.cpu.endian" value="little"/>
    <property name="user.home" value="C:\Users\Benedek"/>
    <property name="user.language" value="en"/>
    <property name="java.specification.vendor" value="Oracle Corporation"/>
    <property name="java.version.date" value="2024-10-15"/>
    <property name="java.home" value="C:\Users\Benedek\.jdks\openjdk-23.0.1"/>
    <property name="file.separator" value="\"/>
    <property name="basedir" value="C:\Users\Benedek\IdeaProjects\BDS_project_3"/>
    <property name="java.vm.compressedOopsMode" value="Zero based"/>
    <property name="line.separator" value="&#10;"/>
    <property name="java.vm.specification.vendor" value="Oracle Corporation"/>
    <property name="java.specification.name" value="Java Platform API Specification"/>
    <property name="surefire.real.class.path" value="C:\Users\Benedek\AppData\Local\Temp\surefire6150595224123347712\surefirebooter-20241218213705139_3.jar"/>
    <property name="user.script" value=""/>
    <property name="sun.management.compiler" value="HotSpot 64-Bit Tiered Compilers"/>
    <property name="java.runtime.version" value="23.0.1+11-39"/>
    <property name="user.name" value="Benedek"/>
    <property name="stdout.encoding" value="Cp1252"/>
    <property name="path.separator" value=";"/>
    <property name="os.version" value="10.0"/>
    <property name="java.runtime.name" value="OpenJDK Runtime Environment"/>
    <property name="file.encoding" value="UTF-8"/>
    <property name="java.vm.name" value="OpenJDK 64-Bit Server VM"/>
    <property name="localRepository" value="C:\Users\Benedek\.m2\repository"/>
    <property name="java.vendor.url.bug" value="https://bugreport.java.com/bugreport/"/>
    <property name="java.io.tmpdir" value="C:\Users\Benedek\AppData\Local\Temp\"/>
    <property name="java.version" value="23.0.1"/>
    <property name="user.dir" value="C:\Users\Benedek\IdeaProjects\BDS_project_3"/>
    <property name="os.arch" value="amd64"/>
    <property name="java.vm.specification.name" value="Java Virtual Machine Specification"/>
    <property name="sun.os.patch.level" value=""/>
    <property name="native.encoding" value="Cp1252"/>
    <property name="java.library.path" value="C:\Users\Benedek\.jdks\openjdk-23.0.1\bin;C:\Windows\Sun\Java\bin;C:\Windows\system32;C:\Windows;C:\Program Files (x86)\VMware\VMware Player\bin\;C:\Windows\system32;C:\Windows;C:\Windows\System32\Wbem;C:\Windows\System32\WindowsPowerShell\v1.0\;C:\Windows\System32\OpenSSH\;C:\Program Files\MATLAB\R2023b\bin;C:\Program Files\dotnet\;C:\Program Files (x86)\Windows Kits\10\Windows Performance Toolkit\;C:\Program Files\Docker\Docker\resources\bin;C:\Program Files\Git\cmd;C:\Users\Benedek\AppData\Roaming\Microsoft\Windows\Start Menu\Programs\Python 3.13;C:\Users\Benedek\AppData\Local\Programs\Python\Python313\Scripts;C:\Users\Benedek\Documents\apache-maven-3.9.9\bin;C:\Users\Benedek\.jdks\openjdk-23.0.1\bin;C:\Users\Benedek\AppData\Local\Programs\Python\Python313\Scripts\;C:\Users\Benedek\AppData\Local\Programs\Python\Python313\;C:\Users\Benedek\AppData\Local\Programs\Python\Launcher\;C:\Users\Benedek\AppData\Local\Microsoft\WindowsApps;C:\Users\Benedek\AppData\Local\Programs\Microsoft VS Code\bin;C:\Users\Benedek\.dotnet\tools;."/>
    <property name="java.vm.info" value="mixed mode, sharing"/>
    <property name="stderr.encoding" value="Cp1252"/>
    <property name="java.vendor" value="Oracle Corporation"/>
    <property name="java.vm.version" value="23.0.1+11-39"/>
    <property name="sun.io.unicode.encoding" value="UnicodeLittle"/>
    <property name="java.class.version" value="67.0"/>
  </properties>
  <testcase name="testApp" classname="org.but.feec.bds.AppTest" time="0.007"/>
</testsuite>